2018-03-09 12:18:02,702:INFO: Loading the datasets...
2018-03-09 12:18:06,068:INFO: - done.
2018-03-09 12:22:53,512:INFO: Loading the datasets...
2018-03-09 12:22:56,898:INFO: - done.
2018-03-09 12:22:57,110:INFO: Starting training for 30 epoch(s)
2018-03-09 12:22:57,110:INFO: Epoch 1/30
2018-03-09 12:27:22,093:INFO: Loading the datasets...
2018-03-09 12:27:25,487:INFO: - done.
2018-03-09 12:27:25,668:INFO: Starting training for 30 epoch(s)
2018-03-09 12:27:25,668:INFO: Epoch 1/30
2018-03-09 12:32:16,080:INFO: Loading the datasets...
2018-03-09 12:32:19,529:INFO: - done.
2018-03-09 12:32:19,721:INFO: Starting training for 30 epoch(s)
2018-03-09 12:32:19,721:INFO: Epoch 1/30
2018-03-09 12:53:53,299:INFO: - Train metrics: accuracy: 0.434 ; loss: 0.741
2018-03-10 02:53:06,426:INFO: Loading the datasets...
2018-03-10 02:53:10,050:INFO: - done.
2018-03-10 02:53:12,594:INFO: Starting training for 30 epoch(s)
2018-03-10 02:53:12,594:INFO: Epoch 1/30
2018-03-10 02:54:09,604:INFO: - Train metrics: accuracy: 0.369 ; loss: 0.788
2018-03-10 02:54:10,411:INFO: - Eval metrics : accuracy: 0.595 ; loss: 0.000
2018-03-10 02:54:10,430:INFO: - Found new best accuracy
2018-03-10 02:54:10,431:INFO: Epoch 2/30
2018-03-10 02:55:07,436:INFO: - Train metrics: accuracy: 0.604 ; loss: 0.585
2018-03-10 02:55:08,249:INFO: - Eval metrics : accuracy: 0.694 ; loss: 0.000
2018-03-10 02:55:08,277:INFO: - Found new best accuracy
2018-03-10 02:55:08,278:INFO: Epoch 3/30
2018-03-10 02:56:05,784:INFO: - Train metrics: accuracy: 0.648 ; loss: 0.547
2018-03-10 02:56:06,635:INFO: - Eval metrics : accuracy: 0.724 ; loss: 0.000
2018-03-10 02:56:06,663:INFO: - Found new best accuracy
2018-03-10 02:56:06,664:INFO: Epoch 4/30
2018-03-10 02:57:04,329:INFO: - Train metrics: accuracy: 0.672 ; loss: 0.529
2018-03-10 02:57:05,133:INFO: - Eval metrics : accuracy: 0.740 ; loss: 0.000
2018-03-10 02:57:05,163:INFO: - Found new best accuracy
2018-03-10 02:57:05,164:INFO: Epoch 5/30
2018-03-10 02:58:03,131:INFO: - Train metrics: accuracy: 0.709 ; loss: 0.495
2018-03-10 02:58:03,944:INFO: - Eval metrics : accuracy: 0.759 ; loss: 0.000
2018-03-10 02:58:03,974:INFO: - Found new best accuracy
2018-03-10 02:58:03,976:INFO: Epoch 6/30
2018-03-10 02:59:02,067:INFO: - Train metrics: accuracy: 0.678 ; loss: 0.498
2018-03-10 02:59:02,902:INFO: - Eval metrics : accuracy: 0.747 ; loss: 0.000
2018-03-10 02:59:02,914:INFO: Epoch 7/30
2018-03-10 03:00:01,121:INFO: - Train metrics: accuracy: 0.752 ; loss: 0.491
2018-03-10 03:00:01,953:INFO: - Eval metrics : accuracy: 0.774 ; loss: 0.000
2018-03-10 03:00:01,981:INFO: - Found new best accuracy
2018-03-10 03:00:01,983:INFO: Epoch 8/30
2018-03-10 03:00:59,996:INFO: - Train metrics: accuracy: 0.760 ; loss: 0.488
2018-03-10 03:01:00,783:INFO: - Eval metrics : accuracy: 0.782 ; loss: 0.000
2018-03-10 03:01:00,824:INFO: - Found new best accuracy
2018-03-10 03:01:00,825:INFO: Epoch 9/30
2018-03-10 03:01:58,841:INFO: - Train metrics: accuracy: 0.764 ; loss: 0.475
2018-03-10 03:01:59,645:INFO: - Eval metrics : accuracy: 0.795 ; loss: 0.000
2018-03-10 03:01:59,675:INFO: - Found new best accuracy
2018-03-10 03:01:59,676:INFO: Epoch 10/30
2018-03-10 03:02:57,596:INFO: - Train metrics: accuracy: 0.756 ; loss: 0.461
2018-03-10 03:02:58,396:INFO: - Eval metrics : accuracy: 0.791 ; loss: 0.000
2018-03-10 03:02:58,414:INFO: Epoch 11/30
2018-03-10 03:03:56,468:INFO: - Train metrics: accuracy: 0.791 ; loss: 0.466
2018-03-10 03:03:57,280:INFO: - Eval metrics : accuracy: 0.804 ; loss: 0.000
2018-03-10 03:03:57,306:INFO: - Found new best accuracy
2018-03-10 03:03:57,307:INFO: Epoch 12/30
2018-03-10 03:04:55,404:INFO: - Train metrics: accuracy: 0.824 ; loss: 0.438
2018-03-10 03:04:56,227:INFO: - Eval metrics : accuracy: 0.801 ; loss: 0.000
2018-03-10 03:04:56,244:INFO: Epoch 13/30
2018-03-10 03:05:54,242:INFO: - Train metrics: accuracy: 0.752 ; loss: 0.451
2018-03-10 03:05:55,034:INFO: - Eval metrics : accuracy: 0.812 ; loss: 0.000
2018-03-10 03:05:55,063:INFO: - Found new best accuracy
2018-03-10 03:05:55,064:INFO: Epoch 14/30
2018-03-10 03:06:53,049:INFO: - Train metrics: accuracy: 0.797 ; loss: 0.431
2018-03-10 03:06:53,856:INFO: - Eval metrics : accuracy: 0.809 ; loss: 0.000
2018-03-10 03:06:53,873:INFO: Epoch 15/30
2018-03-10 03:07:51,991:INFO: - Train metrics: accuracy: 0.795 ; loss: 0.439
2018-03-10 03:07:52,796:INFO: - Eval metrics : accuracy: 0.817 ; loss: 0.000
2018-03-10 03:07:52,824:INFO: - Found new best accuracy
2018-03-10 03:07:52,824:INFO: Epoch 16/30
2018-03-10 03:08:50,832:INFO: - Train metrics: accuracy: 0.820 ; loss: 0.439
2018-03-10 03:08:51,626:INFO: - Eval metrics : accuracy: 0.819 ; loss: 0.000
2018-03-10 03:08:51,654:INFO: - Found new best accuracy
2018-03-10 03:08:51,656:INFO: Epoch 17/30
2018-03-10 03:09:49,703:INFO: - Train metrics: accuracy: 0.812 ; loss: 0.419
2018-03-10 03:09:50,512:INFO: - Eval metrics : accuracy: 0.819 ; loss: 0.000
2018-03-10 03:09:50,540:INFO: - Found new best accuracy
2018-03-10 03:09:50,540:INFO: Epoch 18/30
2018-03-10 03:10:48,512:INFO: - Train metrics: accuracy: 0.805 ; loss: 0.423
2018-03-10 03:10:49,336:INFO: - Eval metrics : accuracy: 0.813 ; loss: 0.000
2018-03-10 03:10:49,353:INFO: Epoch 19/30
2018-03-10 03:11:47,476:INFO: - Train metrics: accuracy: 0.803 ; loss: 0.444
2018-03-10 03:11:48,284:INFO: - Eval metrics : accuracy: 0.816 ; loss: 0.000
2018-03-10 03:11:48,300:INFO: Epoch 20/30
2018-03-10 03:12:46,290:INFO: - Train metrics: accuracy: 0.828 ; loss: 0.454
2018-03-10 03:12:47,116:INFO: - Eval metrics : accuracy: 0.832 ; loss: 0.000
2018-03-10 03:12:47,144:INFO: - Found new best accuracy
2018-03-10 03:12:47,144:INFO: Epoch 21/30
2018-03-10 03:13:45,146:INFO: - Train metrics: accuracy: 0.793 ; loss: 0.450
2018-03-10 03:13:45,964:INFO: - Eval metrics : accuracy: 0.828 ; loss: 0.000
2018-03-10 03:13:45,982:INFO: Epoch 22/30
2018-03-10 03:14:44,082:INFO: - Train metrics: accuracy: 0.793 ; loss: 0.454
2018-03-10 03:14:44,891:INFO: - Eval metrics : accuracy: 0.835 ; loss: 0.000
2018-03-10 03:14:44,919:INFO: - Found new best accuracy
2018-03-10 03:14:44,919:INFO: Epoch 23/30
2018-03-10 03:15:42,919:INFO: - Train metrics: accuracy: 0.826 ; loss: 0.458
2018-03-10 03:15:43,723:INFO: - Eval metrics : accuracy: 0.823 ; loss: 0.000
2018-03-10 03:15:43,738:INFO: Epoch 24/30
2018-03-10 03:16:41,764:INFO: - Train metrics: accuracy: 0.814 ; loss: 0.436
2018-03-10 03:16:42,579:INFO: - Eval metrics : accuracy: 0.826 ; loss: 0.000
2018-03-10 03:16:42,596:INFO: Epoch 25/30
2018-03-10 03:17:40,615:INFO: - Train metrics: accuracy: 0.824 ; loss: 0.439
2018-03-10 03:17:41,434:INFO: - Eval metrics : accuracy: 0.829 ; loss: 0.000
2018-03-10 03:17:41,450:INFO: Epoch 26/30
2018-03-10 03:18:39,450:INFO: - Train metrics: accuracy: 0.826 ; loss: 0.431
2018-03-10 03:18:40,251:INFO: - Eval metrics : accuracy: 0.828 ; loss: 0.000
2018-03-10 03:18:40,267:INFO: Epoch 27/30
2018-03-10 03:19:38,306:INFO: - Train metrics: accuracy: 0.857 ; loss: 0.421
2018-03-10 03:19:39,128:INFO: - Eval metrics : accuracy: 0.838 ; loss: 0.000
2018-03-10 03:19:39,156:INFO: - Found new best accuracy
2018-03-10 03:19:39,158:INFO: Epoch 28/30
2018-03-10 03:20:37,248:INFO: - Train metrics: accuracy: 0.832 ; loss: 0.447
2018-03-10 03:20:38,068:INFO: - Eval metrics : accuracy: 0.838 ; loss: 0.000
2018-03-10 03:20:38,085:INFO: Epoch 29/30
2018-03-10 03:21:36,184:INFO: - Train metrics: accuracy: 0.830 ; loss: 0.449
2018-03-10 03:21:37,014:INFO: - Eval metrics : accuracy: 0.839 ; loss: 0.000
2018-03-10 03:21:37,041:INFO: - Found new best accuracy
2018-03-10 03:21:37,042:INFO: Epoch 30/30
2018-03-10 03:22:35,042:INFO: - Train metrics: accuracy: 0.850 ; loss: 0.428
2018-03-10 03:22:35,872:INFO: - Eval metrics : accuracy: 0.842 ; loss: 0.000
2018-03-10 03:22:35,900:INFO: - Found new best accuracy
2018-03-10 06:50:16,323:INFO: Loading the datasets...
2018-03-10 06:50:19,927:INFO: - done.
2018-03-10 06:50:22,441:INFO: Starting training for 30 epoch(s)
2018-03-10 06:50:22,442:INFO: Epoch 1/30
2018-03-10 06:51:19,821:INFO: - Train metrics: accuracy: 0.357 ; loss: 0.792
2018-03-10 06:51:20,650:INFO: - Eval metrics : accuracy: 0.589 ; loss: 0.000
2018-03-10 06:51:20,685:INFO: - Found new best accuracy
2018-03-10 06:51:20,685:INFO: Epoch 2/30
2018-03-10 06:52:17,802:INFO: - Train metrics: accuracy: 0.592 ; loss: 0.599
2018-03-10 06:52:18,605:INFO: - Eval metrics : accuracy: 0.690 ; loss: 0.000
2018-03-10 06:52:18,634:INFO: - Found new best accuracy
2018-03-10 06:52:18,634:INFO: Epoch 3/30
2018-03-10 06:53:16,412:INFO: - Train metrics: accuracy: 0.633 ; loss: 0.557
2018-03-10 06:53:17,217:INFO: - Eval metrics : accuracy: 0.721 ; loss: 0.000
2018-03-10 06:53:17,252:INFO: - Found new best accuracy
2018-03-10 06:53:17,252:INFO: Epoch 4/30
2018-03-10 06:54:14,961:INFO: - Train metrics: accuracy: 0.680 ; loss: 0.521
2018-03-10 06:54:15,787:INFO: - Eval metrics : accuracy: 0.740 ; loss: 0.000
2018-03-10 06:54:15,828:INFO: - Found new best accuracy
2018-03-10 06:54:15,828:INFO: Epoch 5/30
2018-03-10 06:55:15,103:INFO: - Train metrics: accuracy: 0.703 ; loss: 0.495
2018-03-10 06:55:16,931:INFO: - Eval metrics : accuracy: 0.752 ; loss: 0.000
2018-03-10 06:55:16,978:INFO: - Found new best accuracy
2018-03-10 06:55:16,979:INFO: Epoch 6/30
2018-03-10 06:56:57,460:INFO: - Train metrics: accuracy: 0.695 ; loss: 0.495
2018-03-10 06:56:59,023:INFO: - Eval metrics : accuracy: 0.769 ; loss: 0.000
2018-03-10 06:56:59,085:INFO: - Found new best accuracy
2018-03-10 06:56:59,085:INFO: Epoch 7/30
2018-03-10 06:58:39,095:INFO: - Train metrics: accuracy: 0.730 ; loss: 0.484
2018-03-10 06:58:40,557:INFO: - Eval metrics : accuracy: 0.777 ; loss: 0.000
2018-03-10 06:58:40,591:INFO: - Found new best accuracy
2018-03-10 06:58:40,592:INFO: Epoch 8/30
2018-03-10 07:00:20,549:INFO: - Train metrics: accuracy: 0.760 ; loss: 0.478
2018-03-10 07:00:22,121:INFO: - Eval metrics : accuracy: 0.778 ; loss: 0.000
2018-03-10 07:00:22,161:INFO: - Found new best accuracy
2018-03-10 07:00:22,162:INFO: Epoch 9/30
2018-03-10 07:02:02,496:INFO: - Train metrics: accuracy: 0.783 ; loss: 0.460
2018-03-10 07:02:04,346:INFO: - Eval metrics : accuracy: 0.794 ; loss: 0.000
2018-03-10 07:02:04,391:INFO: - Found new best accuracy
2018-03-10 07:02:04,392:INFO: Epoch 10/30
2018-03-10 07:03:44,676:INFO: - Train metrics: accuracy: 0.738 ; loss: 0.463
2018-03-10 07:03:46,177:INFO: - Eval metrics : accuracy: 0.805 ; loss: 0.000
2018-03-10 07:03:46,207:INFO: - Found new best accuracy
2018-03-10 07:03:46,208:INFO: Epoch 11/30
2018-03-10 07:05:08,904:INFO: - Train metrics: accuracy: 0.793 ; loss: 0.457
2018-03-10 07:05:09,723:INFO: - Eval metrics : accuracy: 0.787 ; loss: 0.000
2018-03-10 07:05:09,736:INFO: Epoch 12/30
2018-03-10 07:06:07,600:INFO: - Train metrics: accuracy: 0.824 ; loss: 0.439
2018-03-10 07:06:08,432:INFO: - Eval metrics : accuracy: 0.803 ; loss: 0.000
2018-03-10 07:06:08,447:INFO: Epoch 13/30
2018-03-10 07:07:06,314:INFO: - Train metrics: accuracy: 0.791 ; loss: 0.462
2018-03-10 07:07:07,166:INFO: - Eval metrics : accuracy: 0.798 ; loss: 0.000
2018-03-10 07:07:07,187:INFO: Epoch 14/30
2018-03-10 07:08:05,125:INFO: - Train metrics: accuracy: 0.801 ; loss: 0.433
2018-03-10 07:08:05,958:INFO: - Eval metrics : accuracy: 0.806 ; loss: 0.000
2018-03-10 07:08:05,987:INFO: - Found new best accuracy
2018-03-10 07:08:05,987:INFO: Epoch 15/30
2018-03-10 07:09:03,789:INFO: - Train metrics: accuracy: 0.805 ; loss: 0.447
2018-03-10 07:09:04,644:INFO: - Eval metrics : accuracy: 0.811 ; loss: 0.000
2018-03-10 07:09:04,671:INFO: - Found new best accuracy
2018-03-10 07:09:04,671:INFO: Epoch 16/30
2018-03-10 07:10:02,516:INFO: - Train metrics: accuracy: 0.803 ; loss: 0.445
2018-03-10 07:10:03,379:INFO: - Eval metrics : accuracy: 0.811 ; loss: 0.000
2018-03-10 07:10:03,395:INFO: Epoch 17/30
2018-03-10 07:11:01,218:INFO: - Train metrics: accuracy: 0.818 ; loss: 0.415
2018-03-10 07:11:02,069:INFO: - Eval metrics : accuracy: 0.815 ; loss: 0.000
2018-03-10 07:11:02,097:INFO: - Found new best accuracy
2018-03-10 07:11:02,098:INFO: Epoch 18/30
2018-03-10 07:11:59,954:INFO: - Train metrics: accuracy: 0.826 ; loss: 0.431
2018-03-10 07:12:00,738:INFO: - Eval metrics : accuracy: 0.822 ; loss: 0.000
2018-03-10 07:12:00,766:INFO: - Found new best accuracy
2018-03-10 07:12:00,766:INFO: Epoch 19/30
2018-03-10 07:12:58,631:INFO: - Train metrics: accuracy: 0.805 ; loss: 0.447
2018-03-10 07:12:59,466:INFO: - Eval metrics : accuracy: 0.818 ; loss: 0.000
2018-03-10 07:12:59,482:INFO: Epoch 20/30
2018-03-10 07:13:57,302:INFO: - Train metrics: accuracy: 0.826 ; loss: 0.465
2018-03-10 07:13:58,132:INFO: - Eval metrics : accuracy: 0.824 ; loss: 0.000
2018-03-10 07:13:58,160:INFO: - Found new best accuracy
2018-03-10 07:13:58,160:INFO: Epoch 21/30
2018-03-10 07:14:56,017:INFO: - Train metrics: accuracy: 0.814 ; loss: 0.452
2018-03-10 07:14:56,831:INFO: - Eval metrics : accuracy: 0.812 ; loss: 0.000
2018-03-10 07:14:56,847:INFO: Epoch 22/30
2018-03-10 07:15:54,686:INFO: - Train metrics: accuracy: 0.801 ; loss: 0.468
2018-03-10 07:15:55,533:INFO: - Eval metrics : accuracy: 0.819 ; loss: 0.000
2018-03-10 07:15:55,554:INFO: Epoch 23/30
2018-03-10 07:16:53,444:INFO: - Train metrics: accuracy: 0.838 ; loss: 0.446
2018-03-10 07:16:54,271:INFO: - Eval metrics : accuracy: 0.825 ; loss: 0.000
2018-03-10 07:16:54,297:INFO: - Found new best accuracy
2018-03-10 07:16:54,298:INFO: Epoch 24/30
2018-03-10 07:17:52,129:INFO: - Train metrics: accuracy: 0.807 ; loss: 0.432
2018-03-10 07:17:52,954:INFO: - Eval metrics : accuracy: 0.830 ; loss: 0.000
2018-03-10 07:17:52,981:INFO: - Found new best accuracy
2018-03-10 07:17:52,983:INFO: Epoch 25/30
2018-03-10 07:18:50,821:INFO: - Train metrics: accuracy: 0.816 ; loss: 0.449
2018-03-10 07:18:51,657:INFO: - Eval metrics : accuracy: 0.827 ; loss: 0.000
2018-03-10 07:18:51,677:INFO: Epoch 26/30
2018-03-10 07:19:49,570:INFO: - Train metrics: accuracy: 0.828 ; loss: 0.437
2018-03-10 07:19:50,410:INFO: - Eval metrics : accuracy: 0.821 ; loss: 0.000
2018-03-10 07:19:50,427:INFO: Epoch 27/30
2018-03-10 07:20:48,246:INFO: - Train metrics: accuracy: 0.863 ; loss: 0.424
2018-03-10 07:20:49,068:INFO: - Eval metrics : accuracy: 0.833 ; loss: 0.000
2018-03-10 07:20:49,098:INFO: - Found new best accuracy
2018-03-10 07:20:49,099:INFO: Epoch 28/30
2018-03-10 07:21:47,035:INFO: - Train metrics: accuracy: 0.846 ; loss: 0.439
2018-03-10 07:21:47,865:INFO: - Eval metrics : accuracy: 0.832 ; loss: 0.000
2018-03-10 07:21:47,885:INFO: Epoch 29/30
2018-03-10 07:22:45,709:INFO: - Train metrics: accuracy: 0.814 ; loss: 0.458
2018-03-10 07:22:46,539:INFO: - Eval metrics : accuracy: 0.839 ; loss: 0.000
2018-03-10 07:22:46,567:INFO: - Found new best accuracy
2018-03-10 07:22:46,567:INFO: Epoch 30/30
2018-03-10 07:23:44,333:INFO: - Train metrics: accuracy: 0.830 ; loss: 0.445
2018-03-10 07:23:45,156:INFO: - Eval metrics : accuracy: 0.838 ; loss: 0.000
2018-12-24 10:38:34,301:INFO: Loading the datasets...
2018-12-24 10:39:43,282:INFO: - done.
2018-12-24 10:44:23,066:INFO: Loading the datasets...
2018-12-24 10:44:28,724:INFO: - done.
2018-12-24 10:44:29,029:INFO: Experiment - model version: cnn_distill
2018-12-24 10:44:29,030:INFO: Starting training for 30 epoch(s)
2018-12-24 10:44:29,030:INFO: First, loading the teacher model and computing its outputs...
2018-12-24 11:19:56,634:INFO: - Finished computing teacher outputs after 2128.0 secs..
2018-12-24 11:19:56,652:INFO: Epoch 1/30
2018-12-24 11:22:20,239:INFO: - Train metrics: loss: 1.014 ; accuracy: 0.332
2018-12-24 11:22:29,646:INFO: - Eval metrics : loss: 0.000 ; accuracy: 0.483
2018-12-24 11:22:29,702:INFO: - Found new best accuracy
2018-12-24 11:22:29,703:INFO: Epoch 2/30
2018-12-24 11:24:52,361:INFO: - Train metrics: loss: 0.967 ; accuracy: 0.555
2018-12-24 11:25:01,887:INFO: - Eval metrics : loss: 0.000 ; accuracy: 0.614
2018-12-24 11:25:01,963:INFO: - Found new best accuracy
2018-12-24 11:25:01,964:INFO: Epoch 3/30
2018-12-24 11:27:24,930:INFO: - Train metrics: loss: 0.961 ; accuracy: 0.586
2018-12-24 11:27:34,438:INFO: - Eval metrics : loss: 0.000 ; accuracy: 0.667
2018-12-24 11:27:34,484:INFO: - Found new best accuracy
2018-12-24 11:27:34,485:INFO: Epoch 4/30
2018-12-24 11:29:57,080:INFO: - Train metrics: loss: 0.967 ; accuracy: 0.607
2018-12-24 11:30:06,766:INFO: - Eval metrics : loss: 0.000 ; accuracy: 0.681
2018-12-24 11:30:06,812:INFO: - Found new best accuracy
2018-12-24 11:30:06,813:INFO: Epoch 5/30
2018-12-24 11:32:29,687:INFO: - Train metrics: loss: 0.964 ; accuracy: 0.598
2018-12-24 11:32:39,370:INFO: - Eval metrics : loss: 0.000 ; accuracy: 0.715
2018-12-24 11:32:39,414:INFO: - Found new best accuracy
2018-12-24 11:32:39,415:INFO: Epoch 6/30
2018-12-24 11:35:03,300:INFO: - Train metrics: loss: 0.942 ; accuracy: 0.705
2018-12-24 11:35:12,953:INFO: - Eval metrics : loss: 0.000 ; accuracy: 0.710
2018-12-24 11:35:12,999:INFO: Epoch 7/30
2018-12-24 11:37:36,795:INFO: - Train metrics: loss: 0.950 ; accuracy: 0.680
2018-12-24 11:37:46,349:INFO: - Eval metrics : loss: 0.000 ; accuracy: 0.719
2018-12-24 11:37:46,424:INFO: - Found new best accuracy
2018-12-24 11:37:46,426:INFO: Epoch 8/30
2018-12-24 11:40:11,234:INFO: - Train metrics: loss: 0.952 ; accuracy: 0.668
2018-12-24 11:40:20,613:INFO: - Eval metrics : loss: 0.000 ; accuracy: 0.740
2018-12-24 11:40:20,706:INFO: - Found new best accuracy
2018-12-24 11:40:20,708:INFO: Epoch 9/30
2018-12-24 11:42:44,421:INFO: - Train metrics: loss: 0.949 ; accuracy: 0.689
2018-12-24 11:42:54,110:INFO: - Eval metrics : loss: 0.000 ; accuracy: 0.727
2018-12-24 11:42:54,144:INFO: Epoch 10/30
2018-12-24 11:45:19,182:INFO: - Train metrics: loss: 0.940 ; accuracy: 0.691
2018-12-24 11:45:29,124:INFO: - Eval metrics : loss: 0.000 ; accuracy: 0.746
2018-12-24 11:45:29,205:INFO: - Found new best accuracy
2018-12-24 11:45:29,207:INFO: Epoch 11/30
2018-12-24 11:47:54,898:INFO: - Train metrics: loss: 0.946 ; accuracy: 0.715
2018-12-24 11:48:04,542:INFO: - Eval metrics : loss: 0.000 ; accuracy: 0.754
2018-12-24 11:48:04,587:INFO: - Found new best accuracy
2018-12-24 11:48:04,589:INFO: Epoch 12/30
2018-12-24 11:50:28,151:INFO: - Train metrics: loss: 0.930 ; accuracy: 0.742
2018-12-24 11:50:37,585:INFO: - Eval metrics : loss: 0.000 ; accuracy: 0.760
2018-12-24 11:50:37,659:INFO: - Found new best accuracy
2018-12-24 11:50:37,660:INFO: Epoch 13/30
2018-12-24 11:53:01,744:INFO: - Train metrics: loss: 0.941 ; accuracy: 0.732
2018-12-24 11:53:11,491:INFO: - Eval metrics : loss: 0.000 ; accuracy: 0.768
2018-12-24 11:53:11,563:INFO: - Found new best accuracy
2018-12-24 11:53:11,564:INFO: Epoch 14/30
2018-12-24 11:55:35,348:INFO: - Train metrics: loss: 0.942 ; accuracy: 0.746
2018-12-24 11:55:45,154:INFO: - Eval metrics : loss: 0.000 ; accuracy: 0.761
2018-12-24 11:55:45,185:INFO: Epoch 15/30
2018-12-24 11:58:11,170:INFO: - Train metrics: loss: 0.943 ; accuracy: 0.766
2018-12-24 11:58:20,949:INFO: - Eval metrics : loss: 0.000 ; accuracy: 0.773
2018-12-24 11:58:21,022:INFO: - Found new best accuracy
2018-12-24 11:58:21,023:INFO: Epoch 16/30
2018-12-24 12:00:45,134:INFO: - Train metrics: loss: 0.930 ; accuracy: 0.768
2018-12-24 12:00:54,831:INFO: - Eval metrics : loss: 0.000 ; accuracy: 0.787
2018-12-24 12:00:54,911:INFO: - Found new best accuracy
2018-12-24 12:00:54,913:INFO: Epoch 17/30
2018-12-24 12:03:18,709:INFO: - Train metrics: loss: 0.930 ; accuracy: 0.758
2018-12-24 12:03:28,327:INFO: - Eval metrics : loss: 0.000 ; accuracy: 0.771
2018-12-24 12:03:28,360:INFO: Epoch 18/30
2018-12-24 12:05:53,440:INFO: - Train metrics: loss: 0.934 ; accuracy: 0.750
2018-12-24 12:06:03,203:INFO: - Eval metrics : loss: 0.000 ; accuracy: 0.789
2018-12-24 12:06:03,288:INFO: - Found new best accuracy
2018-12-24 12:06:03,291:INFO: Epoch 19/30
2018-12-24 12:08:28,690:INFO: - Train metrics: loss: 0.935 ; accuracy: 0.777
2018-12-24 12:08:38,376:INFO: - Eval metrics : loss: 0.000 ; accuracy: 0.790
2018-12-24 12:08:38,454:INFO: - Found new best accuracy
2018-12-24 12:08:38,455:INFO: Epoch 20/30
2018-12-24 12:11:06,170:INFO: - Train metrics: loss: 0.937 ; accuracy: 0.773
2018-12-24 12:11:16,390:INFO: - Eval metrics : loss: 0.000 ; accuracy: 0.790
2018-12-24 12:11:16,468:INFO: - Found new best accuracy
2018-12-24 12:11:16,469:INFO: Epoch 21/30
2018-12-24 12:13:42,102:INFO: - Train metrics: loss: 0.930 ; accuracy: 0.756
2018-12-24 12:13:51,907:INFO: - Eval metrics : loss: 0.000 ; accuracy: 0.788
2018-12-24 12:13:51,939:INFO: Epoch 22/30
2018-12-24 12:16:17,809:INFO: - Train metrics: loss: 0.938 ; accuracy: 0.779
2018-12-24 12:16:27,493:INFO: - Eval metrics : loss: 0.000 ; accuracy: 0.787
2018-12-24 12:16:27,520:INFO: Epoch 23/30
2018-12-24 12:18:52,649:INFO: - Train metrics: loss: 0.933 ; accuracy: 0.754
2018-12-24 12:19:02,286:INFO: - Eval metrics : loss: 0.000 ; accuracy: 0.784
2018-12-24 12:19:02,311:INFO: Epoch 24/30
2018-12-24 12:21:39,025:INFO: - Train metrics: loss: 0.939 ; accuracy: 0.762
2018-12-24 12:21:51,104:INFO: - Eval metrics : loss: 0.000 ; accuracy: 0.792
2018-12-24 12:21:51,172:INFO: - Found new best accuracy
2018-12-24 12:21:51,174:INFO: Epoch 25/30
2018-12-29 09:46:15,284:INFO: Loading the datasets...
2018-12-29 09:46:22,914:INFO: - done.
2018-12-29 09:47:38,939:INFO: Loading the datasets...
2018-12-29 09:47:44,134:INFO: - done.
2018-12-29 09:48:09,354:INFO: Loading the datasets...
2018-12-29 09:48:13,909:INFO: - done.
2018-12-29 09:48:14,387:INFO: Experiment - model version: cnn_distill
2018-12-29 09:48:14,390:INFO: Starting training for 30 epoch(s)
2018-12-29 09:48:14,391:INFO: First, loading the teacher model and computing its outputs...
2018-12-29 09:56:05,032:INFO: Loading the datasets...
2018-12-29 09:56:09,111:INFO: - done.
2018-12-29 09:56:09,463:INFO: Experiment - model version: cnn_distill
2018-12-29 09:56:09,463:INFO: Starting training for 30 epoch(s)
2018-12-29 09:56:09,464:INFO: First, loading the teacher model and computing its outputs...
2018-12-29 10:13:12,411:INFO: - Finished computing teacher outputs after 1499.0 secs..
2018-12-29 10:13:12,416:INFO: Epoch 1/30
2018-12-29 10:23:47,604:INFO: Loading the datasets...
2018-12-29 10:23:52,659:INFO: - done.
2018-12-29 10:23:53,068:INFO: Experiment - model version: cnn_distill
2018-12-29 10:23:53,069:INFO: Starting training for 30 epoch(s)
2018-12-29 10:23:53,069:INFO: First, loading the teacher model and computing its outputs...
2018-12-29 10:47:07,654:INFO: - Finished computing teacher outputs after 1395.0 secs..
2018-12-29 10:47:07,657:INFO: Epoch 1/30
2018-12-29 14:18:56,032:INFO: Loading the datasets...
2018-12-29 14:19:00,498:INFO: - done.
2018-12-29 14:19:00,822:INFO: Experiment - model version: cnn_distill
2018-12-29 14:19:00,823:INFO: Starting training for 30 epoch(s)
2018-12-29 14:19:00,823:INFO: First, loading the teacher model and computing its outputs...
2018-12-29 14:43:53,366:INFO: - Finished computing teacher outputs after 1493.0 secs..
2018-12-29 14:43:53,376:INFO: Epoch 1/30
2018-12-29 14:47:30,617:INFO: Loading the datasets...
2018-12-29 14:47:34,463:INFO: - done.
2018-12-29 14:47:34,743:INFO: Experiment - model version: cnn_distill
2018-12-29 14:47:34,744:INFO: Starting training for 30 epoch(s)
2018-12-29 14:47:34,744:INFO: First, loading the teacher model and computing its outputs...
2018-12-29 15:08:52,166:INFO: - Finished computing teacher outputs after 1278.0 secs..
2018-12-29 15:08:52,175:INFO: Epoch 1/30
2018-12-29 15:13:50,165:INFO: Loading the datasets...
2018-12-29 15:13:54,504:INFO: - done.
2018-12-29 15:13:54,824:INFO: Experiment - model version: cnn_distill
2018-12-29 15:13:54,824:INFO: Starting training for 30 epoch(s)
2018-12-29 15:13:54,824:INFO: First, loading the teacher model and computing its outputs...
2018-12-29 15:33:45,135:INFO: - Finished computing teacher outputs after 1191.0 secs..
2018-12-29 15:33:45,140:INFO: Epoch 1/30
2018-12-29 15:47:02,748:INFO: Loading the datasets...
2018-12-29 15:47:06,791:INFO: - done.
2018-12-29 15:47:07,100:INFO: Experiment - model version: cnn_distill
2018-12-29 15:47:07,101:INFO: Starting training for 30 epoch(s)
2018-12-29 15:47:07,101:INFO: First, loading the teacher model and computing its outputs...
2018-12-29 16:04:10,806:INFO: Loading the datasets...
2018-12-29 16:04:18,138:INFO: - done.
2018-12-29 16:04:18,590:INFO: Experiment - model version: cnn_distill
2018-12-29 16:04:18,590:INFO: Starting training for 30 epoch(s)
2018-12-29 16:04:18,590:INFO: First, loading the teacher model and computing its outputs...
2018-12-29 16:34:15,795:INFO: - Finished computing teacher outputs after 1798.0 secs..
2018-12-29 16:34:15,815:INFO: Epoch 1/30
2018-12-30 18:01:59,316:INFO: Loading the datasets...
2018-12-30 18:02:05,227:INFO: - done.
2018-12-30 18:08:22,084:INFO: Loading the datasets...
2018-12-30 18:08:28,207:INFO: - done.
2018-12-30 18:19:16,121:INFO: Loading the datasets...
2018-12-30 18:19:20,108:INFO: - done.
